<?xml version="1.0" encoding="UTF-8"?>
<!-- Generated by org.testng.reporters.JUnitReportReporter -->
<testsuite hostname="Dhivakar" failures="0" tests="1" name="com.demoblaze.tests.SignUpTest" time="6.877" errors="0" timestamp="2024-05-15T23:11:08 IST" skipped="0">
  <testcase classname="com.demoblaze.tests.SignUpTest" name="testSignUp" time="6.877"/>
  <system-out/>
</testsuite> <!-- com.demoblaze.tests.SignUpTest -->
