<?xml version="1.0" encoding="UTF-8"?>
<!-- Generated by org.testng.reporters.JUnitReportReporter -->
<testsuite hostname="Dhivakar" failures="0" tests="1" name="com.demoblaze.tests.LoginTest" time="8.847" errors="0" timestamp="2024-05-15T23:11:08 IST" skipped="0">
  <testcase classname="com.demoblaze.tests.LoginTest" name="testLogin" time="8.847"/>
  <system-out/>
</testsuite> <!-- com.demoblaze.tests.LoginTest -->
